
> medichealth@0.1.0 start
> react-scripts start

(node:32800) [DEP_WEBPACK_DEV_SERVER_ON_AFTER_SETUP_MIDDLEWARE] DeprecationWarning: 'onAfterSetupMiddleware' option is deprecated. Please use the 'setupMiddlewares' option.
(Use `node --trace-deprecation ...` to show where the warning was created)
(node:32800) [DEP_WEBPACK_DEV_SERVER_ON_BEFORE_SETUP_MIDDLEWARE] DeprecationWarning: 'onBeforeSetupMiddleware' option is deprecated. Please use the 'setupMiddlewares' option.
Starting the development server...

Failed to compile.

[eslint] 
src\components\SystemStatus.js
Syntax error: Expecting Unicode escape sequence \uXXXX. (94:22) (94:22)
[1m[31mERROR[39m[22m in [1m./src/components/SystemStatus.js[39m[22m
Module build failed (from ./node_modules/babel-loader/lib/index.js):
SyntaxError: C:\Users\visha\Documents\SwasthyaSetu-main\frontend\src\components\SystemStatus.js: Expecting Unicode escape sequence \uXXXX. (94:22)

[0m [90m 92 |[39m   [36mif[39m ([33m![39misVisible) {
 [90m 93 |[39m     [36mreturn[39m (
[31m[1m>[22m[39m[90m 94 |[39m       [33m<[39m[33mdiv[39m className[33m=[39m[37m[41m[1m\[22m[49m[39m[32m"system-status-indicator\" onClick={() => setIsVisible(true)}>[39m
 [90m    |[39m                       [31m[1m^[22m[39m
 [90m 95 |[39m         [33m<[39m[33mspan[39m 
 [90m 96 |[39m           className[33m=[39m[37m[41m[1m\[22m[49m[39m[32m"status-dot\" [39m
 [90m 97 |[39m           style[33m=[39m{{ backgroundColor[33m:[39m getStatusColor(systemHealth[33m.[39moverall) }}[0m
    at constructor (C:\Users\visha\Documents\SwasthyaSetu-main\frontend\node_modules\@babel\parser\lib\index.js:367:19)
    at FlowParserMixin.raise (C:\Users\visha\Documents\SwasthyaSetu-main\frontend\node_modules\@babel\parser\lib\index.js:6630:19)
    at FlowParserMixin.readWord1 (C:\Users\visha\Documents\SwasthyaSetu-main\frontend\node_modules\@babel\parser\lib\index.js:6590:16)
    at FlowParserMixin.readWord (C:\Users\visha\Documents\SwasthyaSetu-main\frontend\node_modules\@babel\parser\lib\index.js:6610:23)
    at FlowParserMixin.getTokenFromCode (C:\Users\visha\Documents\SwasthyaSetu-main\frontend\node_modules\@babel\parser\lib\index.js:6329:14)
    at FlowParserMixin.getTokenFromCode (C:\Users\visha\Documents\SwasthyaSetu-main\frontend\node_modules\@babel\parser\lib\index.js:4830:11)
    at FlowParserMixin.getTokenFromCode (C:\Users\visha\Documents\SwasthyaSetu-main\frontend\node_modules\@babel\parser\lib\index.js:3228:13)
    at FlowParserMixin.nextToken (C:\Users\visha\Documents\SwasthyaSetu-main\frontend\node_modules\@babel\parser\lib\index.js:5813:10)
    at FlowParserMixin.next (C:\Users\visha\Documents\SwasthyaSetu-main\frontend\node_modules\@babel\parser\lib\index.js:5723:10)
    at FlowParserMixin.eat (C:\Users\visha\Documents\SwasthyaSetu-main\frontend\node_modules\@babel\parser\lib\index.js:5727:12)
    at FlowParserMixin.jsxParseAttribute (C:\Users\visha\Documents\SwasthyaSetu-main\frontend\node_modules\@babel\parser\lib\index.js:4686:23)
    at FlowParserMixin.jsxParseOpeningElementAfterName (C:\Users\visha\Documents\SwasthyaSetu-main\frontend\node_modules\@babel\parser\lib\index.js:4700:28)
    at FlowParserMixin.jsxParseOpeningElementAfterName (C:\Users\visha\Documents\SwasthyaSetu-main\frontend\node_modules\@babel\parser\lib\index.js:4101:18)
    at FlowParserMixin.jsxParseOpeningElementAt (C:\Users\visha\Documents\SwasthyaSetu-main\frontend\node_modules\@babel\parser\lib\index.js:4695:17)
    at FlowParserMixin.jsxParseElementAt (C:\Users\visha\Documents\SwasthyaSetu-main\frontend\node_modules\@babel\parser\lib\index.js:4719:33)
    at FlowParserMixin.jsxParseElement (C:\Users\visha\Documents\SwasthyaSetu-main\frontend\node_modules\@babel\parser\lib\index.js:4782:17)
    at FlowParserMixin.parseExprAtom (C:\Users\visha\Documents\SwasthyaSetu-main\frontend\node_modules\@babel\parser\lib\index.js:4792:19)
    at FlowParserMixin.parseExprSubscripts (C:\Users\visha\Documents\SwasthyaSetu-main\frontend\node_modules\@babel\parser\lib\index.js:11081:23)
    at FlowParserMixin.parseUpdate (C:\Users\visha\Documents\SwasthyaSetu-main\frontend\node_modules\@babel\parser\lib\index.js:11066:21)
    at FlowParserMixin.parseMaybeUnary (C:\Users\visha\Documents\SwasthyaSetu-main\frontend\node_modules\@babel\parser\lib\index.js:11046:23)
    at FlowParserMixin.parseMaybeUnaryOrPrivate (C:\Users\visha\Documents\SwasthyaSetu-main\frontend\node_modules\@babel\parser\lib\index.js:10899:61)
    at FlowParserMixin.parseExprOps (C:\Users\visha\Documents\SwasthyaSetu-main\frontend\node_modules\@babel\parser\lib\index.js:10904:23)
    at FlowParserMixin.parseMaybeConditional (C:\Users\visha\Documents\SwasthyaSetu-main\frontend\node_modules\@babel\parser\lib\index.js:10881:23)
    at FlowParserMixin.parseMaybeAssign (C:\Users\visha\Documents\SwasthyaSetu-main\frontend\node_modules\@babel\parser\lib\index.js:10831:21)
    at C:\Users\visha\Documents\SwasthyaSetu-main\frontend\node_modules\@babel\parser\lib\index.js:3531:39
    at FlowParserMixin.tryParse (C:\Users\visha\Documents\SwasthyaSetu-main\frontend\node_modules\@babel\parser\lib\index.js:6938:20)
    at FlowParserMixin.parseMaybeAssign (C:\Users\visha\Documents\SwasthyaSetu-main\frontend\node_modules\@babel\parser\lib\index.js:3531:18)
    at C:\Users\visha\Documents\SwasthyaSetu-main\frontend\node_modules\@babel\parser\lib\index.js:10800:39
    at FlowParserMixin.allowInAnd (C:\Users\visha\Documents\SwasthyaSetu-main\frontend\node_modules\@babel\parser\lib\index.js:12432:12)
    at FlowParserMixin.parseMaybeAssignAllowIn (C:\Users\visha\Documents\SwasthyaSetu-main\frontend\node_modules\@babel\parser\lib\index.js:10800:17)
    at FlowParserMixin.parseMaybeAssignAllowInOrVoidPattern (C:\Users\visha\Documents\SwasthyaSetu-main\frontend\node_modules\@babel\parser\lib\index.js:12499:17)
    at FlowParserMixin.parseParenAndDistinguishExpression (C:\Users\visha\Documents\SwasthyaSetu-main\frontend\node_modules\@babel\parser\lib\index.js:11679:28)
    at FlowParserMixin.parseParenAndDistinguishExpression (C:\Users\visha\Documents\SwasthyaSetu-main\frontend\node_modules\@babel\parser\lib\index.js:3624:18)
    at FlowParserMixin.parseExprAtom (C:\Users\visha\Documents\SwasthyaSetu-main\frontend\node_modules\@babel\parser\lib\index.js:11331:23)
    at FlowParserMixin.parseExprAtom (C:\Users\visha\Documents\SwasthyaSetu-main\frontend\node_modules\@babel\parser\lib\index.js:4797:20)
    at FlowParserMixin.parseExprSubscripts (C:\Users\visha\Documents\SwasthyaSetu-main\frontend\node_modules\@babel\parser\lib\index.js:11081:23)
    at FlowParserMixin.parseUpdate (C:\Users\visha\Documents\SwasthyaSetu-main\frontend\node_modules\@babel\parser\lib\index.js:11066:21)
    at FlowParserMixin.parseMaybeUnary (C:\Users\visha\Documents\SwasthyaSetu-main\frontend\node_modules\@babel\parser\lib\index.js:11046:23)
    at FlowParserMixin.parseMaybeUnaryOrPrivate (C:\Users\visha\Documents\SwasthyaSetu-main\frontend\node_modules\@babel\parser\lib\index.js:10899:61)
    at FlowParserMixin.parseExprOps (C:\Users\visha\Documents\SwasthyaSetu-main\frontend\node_modules\@babel\parser\lib\index.js:10904:23)
    at FlowParserMixin.parseMaybeConditional (C:\Users\visha\Documents\SwasthyaSetu-main\frontend\node_modules\@babel\parser\lib\index.js:10881:23)
    at FlowParserMixin.parseMaybeAssign (C:\Users\visha\Documents\SwasthyaSetu-main\frontend\node_modules\@babel\parser\lib\index.js:10831:21)
    at FlowParserMixin.parseMaybeAssign (C:\Users\visha\Documents\SwasthyaSetu-main\frontend\node_modules\@babel\parser\lib\index.js:3582:18)
    at FlowParserMixin.parseExpressionBase (C:\Users\visha\Documents\SwasthyaSetu-main\frontend\node_modules\@babel\parser\lib\index.js:10784:23)
    at C:\Users\visha\Documents\SwasthyaSetu-main\frontend\node_modules\@babel\parser\lib\index.js:10780:39
    at FlowParserMixin.allowInAnd (C:\Users\visha\Documents\SwasthyaSetu-main\frontend\node_modules\@babel\parser\lib\index.js:12427:16)
    at FlowParserMixin.parseExpression (C:\Users\visha\Documents\SwasthyaSetu-main\frontend\node_modules\@babel\parser\lib\index.js:10780:17)
    at FlowParserMixin.parseReturnStatement (C:\Users\visha\Documents\SwasthyaSetu-main\frontend\node_modules\@babel\parser\lib\index.js:13147:28)
    at FlowParserMixin.parseStatementContent (C:\Users\visha\Documents\SwasthyaSetu-main\frontend\node_modules\@babel\parser\lib\index.js:12803:21)
    at FlowParserMixin.parseStatementLike (C:\Users\visha\Documents\SwasthyaSetu-main\frontend\node_modules\@babel\parser\lib\index.js:12772:17)

[1m[31mERROR[39m[22m in [1m[eslint] 
src\components\SystemStatus.js
  Line 94:22:  Parsing [1m[31merror[39m[22m[1m: Expecting Unicode escape sequence \uXXXX. (94:22)

[39m[22m

webpack compiled with [1m[31m2 errors[39m[22m
Failed to compile.

[eslint] 
src\components\SystemStatus.js
Syntax error: Expecting Unicode escape sequence \uXXXX. (94:22) (94:22)
[1m[31mERROR[39m[22m in [1m./src/App.js[39m[22m [1m[32m54:0-53[39m[22m
[1mModule [1m[31mnot found[39m[22m[1m: [1m[31mError[39m[22m[1m: Can't resolve './components/SystemStatus' in 'C:\Users\visha\Documents\SwasthyaSetu-main\frontend\src'[39m[22m

[1m[31mERROR[39m[22m in [1m[eslint] 
src\components\SystemStatus.js
  Line 94:22:  Parsing [1m[31merror[39m[22m[1m: Expecting Unicode escape sequence \uXXXX. (94:22)

[39m[22m

webpack compiled with [1m[31m2 errors[39m[22m
Compiling...
Compiled with warnings.

[eslint] 
src\components\SystemStatus.js
  Line 2:29:  'authAPI' is defined but never used          no-unused-vars
  Line 2:38:  'symptomAPI' is defined but never used       no-unused-vars
  Line 2:50:  'prescriptionAPI' is defined but never used  no-unused-vars

Search for the keywords to learn more about each warning.
To ignore, add // eslint-disable-next-line to the line before.

[1m[33mWARNING[39m[22m in [1m[eslint] 
src\components\SystemStatus.js
  Line 2:29:  'authAPI' is defined but never used          no-unused-vars
  Line 2:38:  'symptomAPI' is defined but never used       no-unused-vars
  Line 2:50:  'prescriptionAPI' is defined but never used  no-unused-vars

[39m[22m

webpack compiled with [1m[33m1 warning[39m[22m
Compiling...
Compiled with warnings.

[eslint] 
src\components\SystemStatus.js
  Line 2:29:  'authAPI' is defined but never used          no-unused-vars
  Line 2:38:  'symptomAPI' is defined but never used       no-unused-vars
  Line 2:50:  'prescriptionAPI' is defined but never used  no-unused-vars

Search for the keywords to learn more about each warning.
To ignore, add // eslint-disable-next-line to the line before.

[1m[33mWARNING[39m[22m in [1m[eslint] 
src\components\SystemStatus.js
  Line 2:29:  'authAPI' is defined but never used          no-unused-vars
  Line 2:38:  'symptomAPI' is defined but never used       no-unused-vars
  Line 2:50:  'prescriptionAPI' is defined but never used  no-unused-vars

[39m[22m

webpack compiled with [1m[33m1 warning[39m[22m
Failed to compile.

Module not found: Error: Can't resolve './components/SystemStatus.css' in 'C:\Users\visha\Documents\SwasthyaSetu-main\frontend\src'
[1m[33mWARNING[39m[22m in [1m[eslint] 
src\components\SystemStatus.js
  Line 2:29:  'authAPI' is defined but never used          no-unused-vars
  Line 2:38:  'symptomAPI' is defined but never used       no-unused-vars
  Line 2:50:  'prescriptionAPI' is defined but never used  no-unused-vars

[39m[22m

[1m[31mERROR[39m[22m in [1m./src/App.js[39m[22m [1m[32m32:0-39[39m[22m
[1mModule [1m[31mnot found[39m[22m[1m: [1m[31mError[39m[22m[1m: Can't resolve './components/SystemStatus.css' in 'C:\Users\visha\Documents\SwasthyaSetu-main\frontend\src'[39m[22m

[1m[31mERROR[39m[22m in [1m./src/components/SystemStatus.js[39m[22m [1m[32m7:0-28[39m[22m
[1mModule [1m[31mnot found[39m[22m[1m: [1m[31mError[39m[22m[1m: Can't resolve './SystemStatus.css' in 'C:\Users\visha\Documents\SwasthyaSetu-main\frontend\src\components'[39m[22m

webpack compiled with [1m[31m2 errors[39m[22m and [1m[33m1 warning[39m[22m
Compiling...
Failed to compile.

Module not found: Error: Can't resolve './components/SystemStatus.css' in 'C:\Users\visha\Documents\SwasthyaSetu-main\frontend\src'
[1m[33mWARNING[39m[22m in [1m[eslint] 
src\components\SystemStatus.js
  Line 2:29:  'authAPI' is defined but never used          no-unused-vars
  Line 2:38:  'symptomAPI' is defined but never used       no-unused-vars
  Line 2:50:  'prescriptionAPI' is defined but never used  no-unused-vars

[39m[22m

[1m[31mERROR[39m[22m in [1m./src/App.js[39m[22m [1m[32m32:0-39[39m[22m
[1mModule [1m[31mnot found[39m[22m[1m: [1m[31mError[39m[22m[1m: Can't resolve './components/SystemStatus.css' in 'C:\Users\visha\Documents\SwasthyaSetu-main\frontend\src'[39m[22m

[1m[31mERROR[39m[22m in [1m./src/components/SystemStatus.js[39m[22m [1m[32m7:0-28[39m[22m
[1mModule [1m[31mnot found[39m[22m[1m: [1m[31mError[39m[22m[1m: Can't resolve './SystemStatus.css' in 'C:\Users\visha\Documents\SwasthyaSetu-main\frontend\src\components'[39m[22m

webpack compiled with [1m[31m2 errors[39m[22m and [1m[33m1 warning[39m[22m
Compiling...
Compiled with warnings.

[eslint] 
src\components\SystemStatus.js
  Line 2:29:  'authAPI' is defined but never used          no-unused-vars
  Line 2:38:  'symptomAPI' is defined but never used       no-unused-vars
  Line 2:50:  'prescriptionAPI' is defined but never used  no-unused-vars

Search for the keywords to learn more about each warning.
To ignore, add // eslint-disable-next-line to the line before.

[1m[33mWARNING[39m[22m in [1m[eslint] 
src\components\SystemStatus.js
  Line 2:29:  'authAPI' is defined but never used          no-unused-vars
  Line 2:38:  'symptomAPI' is defined but never used       no-unused-vars
  Line 2:50:  'prescriptionAPI' is defined but never used  no-unused-vars

[39m[22m

webpack compiled with [1m[33m1 warning[39m[22m
Compiling...
Compiled with warnings.

[eslint] 
src\components\SystemStatus.js
  Line 2:29:  'authAPI' is defined but never used          no-unused-vars
  Line 2:38:  'symptomAPI' is defined but never used       no-unused-vars
  Line 2:50:  'prescriptionAPI' is defined but never used  no-unused-vars

Search for the keywords to learn more about each warning.
To ignore, add // eslint-disable-next-line to the line before.

[1m[33mWARNING[39m[22m in [1m[eslint] 
src\components\SystemStatus.js
  Line 2:29:  'authAPI' is defined but never used          no-unused-vars
  Line 2:38:  'symptomAPI' is defined but never used       no-unused-vars
  Line 2:50:  'prescriptionAPI' is defined but never used  no-unused-vars

[39m[22m

webpack compiled with [1m[33m1 warning[39m[22m
Compiling...
Compiled with warnings.

[eslint] 
src\components\SystemStatus.js
  Line 2:29:  'authAPI' is defined but never used          no-unused-vars
  Line 2:38:  'symptomAPI' is defined but never used       no-unused-vars
  Line 2:50:  'prescriptionAPI' is defined but never used  no-unused-vars

Search for the keywords to learn more about each warning.
To ignore, add // eslint-disable-next-line to the line before.

[1m[33mWARNING[39m[22m in [1m[eslint] 
src\components\SystemStatus.js
  Line 2:29:  'authAPI' is defined but never used          no-unused-vars
  Line 2:38:  'symptomAPI' is defined but never used       no-unused-vars
  Line 2:50:  'prescriptionAPI' is defined but never used  no-unused-vars

[39m[22m

webpack compiled with [1m[33m1 warning[39m[22m
Compiling...
Compiled with warnings.

[eslint] 
src\components\SystemStatus.js
  Line 2:29:  'authAPI' is defined but never used          no-unused-vars
  Line 2:38:  'symptomAPI' is defined but never used       no-unused-vars
  Line 2:50:  'prescriptionAPI' is defined but never used  no-unused-vars

Search for the keywords to learn more about each warning.
To ignore, add // eslint-disable-next-line to the line before.

[1m[33mWARNING[39m[22m in [1m[eslint] 
src\components\SystemStatus.js
  Line 2:29:  'authAPI' is defined but never used          no-unused-vars
  Line 2:38:  'symptomAPI' is defined but never used       no-unused-vars
  Line 2:50:  'prescriptionAPI' is defined but never used  no-unused-vars

[39m[22m

webpack compiled with [1m[33m1 warning[39m[22m
Compiling...
Compiled with warnings.

[eslint] 
src\components\SystemStatus.js
  Line 2:29:  'authAPI' is defined but never used          no-unused-vars
  Line 2:38:  'symptomAPI' is defined but never used       no-unused-vars
  Line 2:50:  'prescriptionAPI' is defined but never used  no-unused-vars

Search for the keywords to learn more about each warning.
To ignore, add // eslint-disable-next-line to the line before.

[1m[33mWARNING[39m[22m in [1m[eslint] 
src\components\SystemStatus.js
  Line 2:29:  'authAPI' is defined but never used          no-unused-vars
  Line 2:38:  'symptomAPI' is defined but never used       no-unused-vars
  Line 2:50:  'prescriptionAPI' is defined but never used  no-unused-vars

[39m[22m

webpack compiled with [1m[33m1 warning[39m[22m
Compiling...
Compiled with warnings.

[eslint] 
src\components\SystemStatus.js
  Line 2:29:  'authAPI' is defined but never used          no-unused-vars
  Line 2:38:  'symptomAPI' is defined but never used       no-unused-vars
  Line 2:50:  'prescriptionAPI' is defined but never used  no-unused-vars

Search for the keywords to learn more about each warning.
To ignore, add // eslint-disable-next-line to the line before.

[1m[33mWARNING[39m[22m in [1m[eslint] 
src\components\SystemStatus.js
  Line 2:29:  'authAPI' is defined but never used          no-unused-vars
  Line 2:38:  'symptomAPI' is defined but never used       no-unused-vars
  Line 2:50:  'prescriptionAPI' is defined but never used  no-unused-vars

[39m[22m

webpack compiled with [1m[33m1 warning[39m[22m
Compiling...
Compiled with warnings.

[eslint] 
src\components\SystemStatus.js
  Line 2:29:  'authAPI' is defined but never used          no-unused-vars
  Line 2:38:  'symptomAPI' is defined but never used       no-unused-vars
  Line 2:50:  'prescriptionAPI' is defined but never used  no-unused-vars

Search for the keywords to learn more about each warning.
To ignore, add // eslint-disable-next-line to the line before.

[1m[33mWARNING[39m[22m in [1m[eslint] 
src\components\SystemStatus.js
  Line 2:29:  'authAPI' is defined but never used          no-unused-vars
  Line 2:38:  'symptomAPI' is defined but never used       no-unused-vars
  Line 2:50:  'prescriptionAPI' is defined but never used  no-unused-vars

[39m[22m

webpack compiled with [1m[33m1 warning[39m[22m
Compiling...
Compiled with warnings.

[eslint] 
src\components\SystemStatus.js
  Line 2:29:  'authAPI' is defined but never used          no-unused-vars
  Line 2:38:  'symptomAPI' is defined but never used       no-unused-vars
  Line 2:50:  'prescriptionAPI' is defined but never used  no-unused-vars

Search for the keywords to learn more about each warning.
To ignore, add // eslint-disable-next-line to the line before.

[1m[33mWARNING[39m[22m in [1m[eslint] 
src\components\SystemStatus.js
  Line 2:29:  'authAPI' is defined but never used          no-unused-vars
  Line 2:38:  'symptomAPI' is defined but never used       no-unused-vars
  Line 2:50:  'prescriptionAPI' is defined but never used  no-unused-vars

[39m[22m

webpack compiled with [1m[33m1 warning[39m[22m
