C:\Users\visha\Documents\SwasthyaSetu-main\ai\prescription-analyzer\backend\main.py:159: DeprecationWarning: 
        on_event is deprecated, use lifespan event handlers instead.

        Read more about it in the
        [FastAPI docs for Lifespan Events](https://fastapi.tiangolo.com/advanced/events/).
        
  @app.on_event("startup")
C:\Users\visha\Documents\SwasthyaSetu-main\ai\prescription-analyzer\backend\main.py:194: DeprecationWarning: 
        on_event is deprecated, use lifespan event handlers instead.

        Read more about it in the
        [FastAPI docs for Lifespan Events](https://fastapi.tiangolo.com/advanced/events/).
        
  @app.on_event("shutdown")
2025-09-08 09:48:07,635 - INFO - Starting AI Prescription Analyzer API on 0.0.0.0:8000
2025-09-08 09:48:07,635 - INFO - Reload mode: True
2025-09-08 09:48:07,635 - INFO - Log level: info
INFO:     Will watch for changes in these directories: ['C:\\Users\\visha\\Documents\\SwasthyaSetu-main\\ai\\prescription-analyzer\\backend']
INFO:     Uvicorn running on http://0.0.0.0:8000 (Press CTRL+C to quit)
INFO:     Started reloader process [36760] using StatReload
INFO:     Started server process [26560]
INFO:     Waiting for application startup.
2025-09-08 09:48:22,198 - INFO - Initializing Enhanced Prescription Analyzer...
2025-09-08 09:48:22,201 - INFO - Cohere API key loaded from integration.keys \u2705
2025-09-08 09:48:23,193 - INFO - Cohere API client initialized successfully \U0001f389
2025-09-08 09:48:23,194 - WARNING - Using CPU. Note: This module is much faster with a GPU.
2025-09-08 09:48:27,545 - INFO - EasyOCR initialized successfully
2025-09-08 09:48:27,546 - INFO - Enhanced Prescription Analyzer initialized successfully
2025-09-08 09:48:27,546 - INFO - Cohere API key found - Advanced NLP analysis available
2025-09-08 09:48:27,546 - INFO - Using system default Tesseract installation
INFO:     Application startup complete.
